<?xml version="1.0" encoding="UTF-8"?>
<!-- Generated by org.testng.reporters.JUnitReportReporter -->
<testsuite hostname="Sk-Shahid-PC" failures="0" tests="2" name="test.testmaven.AppiumTest" time="0.001" errors="0" timestamp="15 Aug 2021 03:38:14 GMT">
  <testcase classname="test.testmaven.AppiumTest" name="test2" time="0.001"/>
  <testcase classname="test.testmaven.AppiumTest" name="test3" time="0.000"/>
</testsuite> <!-- test.testmaven.AppiumTest -->
