<?xml version="1.0" encoding="UTF-8"?>
<!-- Generated by org.testng.reporters.JUnitReportReporter -->
<testsuite hostname="Sk-Shahid-PC" failures="0" tests="2" name="test.testmaven.SeleniumTest" time="0.001" errors="0" timestamp="15 Aug 2021 03:33:51 GMT">
  <testcase classname="test.testmaven.SeleniumTest" name="test1" time="0.000"/>
  <testcase classname="test.testmaven.SeleniumTest" name="test2" time="0.001"/>
</testsuite> <!-- test.testmaven.SeleniumTest -->
