<?xml version="1.0" encoding="UTF-8"?>
<!-- Generated by org.testng.reporters.JUnitReportReporter -->
<testsuite hostname="Sk-Shahid-PC" failures="0" tests="1" name="test.testmaven.RestAssuredTest" time="0.013" errors="0" timestamp="15 Aug 2021 03:38:14 GMT">
  <testcase classname="test.testmaven.RestAssuredTest" name="test1" time="0.013"/>
</testsuite> <!-- test.testmaven.RestAssuredTest -->
